<?xml version="1.0" encoding="UTF-8"?>
<!-- Generated by org.testng.reporters.JUnitReportReporter -->
<testsuite skipped="2" hostname="IN-4DL5RV2-10" name="testcases.FlightSearch" tests="4" failures="0" timestamp="17 Nov 2019 16:19:53 GMT" time="113.024" errors="0">
  <testcase name="flightSearch" time="59.433" classname="testcases.FlightSearch"/>
  <testcase name="flightSearch" time="53.591" classname="testcases.FlightSearch"/>
  <testcase name="verifyHomePage" classname="testcases.FlightSearch">
    <skipped/>
  </testcase> <!-- verifyHomePage -->
  <testcase name="verifyHomePage" classname="testcases.FlightSearch">
    <skipped/>
  </testcase> <!-- verifyHomePage -->
</testsuite> <!-- testcases.FlightSearch -->
