<?xml version="1.0" encoding="UTF-8"?>
<!-- Generated by org.testng.reporters.JUnitReportReporter -->
<testsuite skipped="0" hostname="IN-4DL5RV2-10" name="testcases.HotelSearch" tests="2" failures="0" timestamp="17 Nov 2019 16:19:53 GMT" time="112.623" errors="0">
  <testcase name="hotelSearch" time="53.869" classname="testcases.HotelSearch"/>
  <testcase name="hotelSearch" time="58.754" classname="testcases.HotelSearch"/>
</testsuite> <!-- testcases.HotelSearch -->
